[2026-06-29 11:08:59] Starting scrape process from Wikipedia...
[2026-06-29 11:09:00] Process complete. Scraped 1278 records.
[2026-06-29 11:09:00] Data saved to c:\Python\python_project\weki_food_company_scraper\data\food_companies.csv
[2026-06-29 11:09:00] ==================================================
[2026-06-29 11:09:00] Loading existing progress: c:\Python\python_project\weki_food_company_scraper\data\food_companies_with_sites.csv
[2026-06-29 11:09:00] Resuming: 490 rows still pending.
[2026-06-29 11:09:00] Starting crawl for 1278 companies...
[2026-06-29 11:09:28] Progress saved at index 40
[2026-06-29 11:10:27] Progress saved at index 100
[2026-06-29 11:10:48] Progress saved at index 120
[2026-06-29 11:11:03] Progress saved at index 140
[2026-06-29 11:11:24] Progress saved at index 160
[2026-06-29 11:11:52] Progress saved at index 180
[2026-06-29 11:12:26] Progress saved at index 220
[2026-06-29 11:13:32] Progress saved at index 280
[2026-06-29 11:14:33] Progress saved at index 340
[2026-06-29 11:15:09] Progress saved at index 380
[2026-06-29 11:15:44] Progress saved at index 400
[2026-06-29 11:16:12] Progress saved at index 420
[2026-06-29 11:16:28] Progress saved at index 440
[2026-06-29 11:17:50] Progress saved at index 520
[2026-06-29 11:18:10] Progress saved at index 540
[2026-06-29 11:18:48] Progress saved at index 560
[2026-06-29 11:19:51] Progress saved at index 620
[2026-06-29 11:20:22] Progress saved at index 640
[2026-06-29 11:20:36] Progress saved at index 660
[2026-06-29 11:21:15] Progress saved at index 700
[2026-06-29 11:22:23] Progress saved at index 760
[2026-06-29 11:22:53] Progress saved at index 780
[2026-06-29 11:24:09] Progress saved at index 840
[2026-06-29 11:24:39] Progress saved at index 860
[2026-06-29 11:24:55] Progress saved at index 880
[2026-06-29 11:26:31] Progress saved at index 980
[2026-06-29 11:28:08] Progress saved at index 1100
[2026-06-29 11:28:34] Progress saved at index 1120
[2026-06-29 11:28:58] Progress saved at index 1140
[2026-06-29 11:30:58] Process complete. Successfully fetched: 0/1278.
[2026-06-29 11:30:58] ==================================================
[2026-06-29 11:30:58] Starting final enrichment process for 0 companies...
[2026-06-29 11:30:58] Final processing completed. Successfully identified: 0/0.
[2026-06-29 11:30:58] ==================================================
[2026-06-29 11:30:58] Starting process: Loading data from c:\Python\python_project\weki_food_company_scraper\data\food_companies_with_sites_final.csv...
[2026-06-29 11:31:20] Progress saved at index 10
[2026-06-29 11:31:42] Progress saved at index 20
[2026-06-29 11:32:01] Progress saved at index 30
[2026-06-29 11:32:22] Progress saved at index 40
[2026-06-29 11:32:41] Progress saved at index 50
[2026-06-29 11:33:01] Progress saved at index 60
[2026-06-29 11:33:21] Progress saved at index 70
[2026-06-29 11:33:41] Progress saved at index 80
[2026-06-29 11:34:01] Progress saved at index 90
[2026-06-29 11:34:21] Progress saved at index 100
[2026-06-29 11:34:41] Progress saved at index 110
[2026-06-29 11:35:01] Progress saved at index 120
[2026-06-29 11:35:23] Progress saved at index 130
[2026-06-29 11:35:42] Progress saved at index 140
[2026-06-29 11:36:02] Progress saved at index 150
[2026-06-29 11:36:21] Progress saved at index 160
[2026-06-29 11:36:40] Progress saved at index 170
[2026-06-29 11:37:02] Progress saved at index 180
[2026-06-29 11:37:24] Progress saved at index 190
[2026-06-29 11:37:43] Progress saved at index 200
[2026-06-29 11:38:02] Progress saved at index 210
[2026-06-29 11:38:21] Progress saved at index 220
[2026-06-29 11:38:41] Progress saved at index 230
[2026-06-29 11:39:02] Progress saved at index 240
[2026-06-29 11:39:23] Progress saved at index 250
[2026-06-29 11:39:42] Progress saved at index 260
[2026-06-29 11:40:02] Progress saved at index 270
[2026-06-29 11:40:20] Progress saved at index 280
[2026-06-29 11:40:39] Progress saved at index 290
[2026-06-29 11:40:57] Progress saved at index 300
[2026-06-29 11:41:14] Progress saved at index 310
[2026-06-29 11:41:31] Progress saved at index 320
[2026-06-29 11:41:51] Progress saved at index 330
[2026-06-29 11:42:09] Progress saved at index 340
[2026-06-29 11:42:28] Progress saved at index 350
[2026-06-29 11:42:50] Progress saved at index 360
[2026-06-29 11:43:09] Progress saved at index 370
[2026-06-29 11:43:28] Progress saved at index 380
[2026-06-29 11:43:45] Progress saved at index 390
[2026-06-29 11:44:05] Progress saved at index 400
[2026-06-29 11:44:25] Progress saved at index 410
[2026-06-29 11:44:43] Progress saved at index 420
[2026-06-29 11:45:05] Progress saved at index 430
[2026-06-29 11:45:24] Progress saved at index 440
[2026-06-29 11:45:42] Progress saved at index 450
[2026-06-29 11:46:02] Progress saved at index 460
[2026-06-29 11:46:23] Progress saved at index 470
[2026-06-29 11:46:42] Progress saved at index 480
[2026-06-29 11:47:04] Progress saved at index 490
[2026-06-29 11:47:23] Progress saved at index 500
[2026-06-29 11:47:41] Progress saved at index 510
[2026-06-29 11:48:00] Progress saved at index 520
[2026-06-29 11:48:19] Progress saved at index 530
[2026-06-29 11:48:39] Progress saved at index 540
[2026-06-29 11:48:56] Progress saved at index 550
[2026-06-29 11:49:14] Progress saved at index 560
[2026-06-29 11:49:34] Progress saved at index 570
[2026-06-29 11:49:52] Progress saved at index 580
[2026-06-29 11:50:11] Progress saved at index 590
[2026-06-29 11:50:30] Progress saved at index 600
[2026-06-29 11:50:48] Progress saved at index 610
[2026-06-29 11:51:08] Progress saved at index 620
[2026-06-29 11:51:26] Progress saved at index 630
[2026-06-29 11:51:45] Progress saved at index 640
[2026-06-29 11:52:09] Progress saved at index 650
[2026-06-29 11:52:27] Progress saved at index 660
[2026-06-29 11:52:44] Progress saved at index 670
[2026-06-29 11:53:04] Progress saved at index 680
[2026-06-29 11:53:23] Progress saved at index 690
[2026-06-29 11:53:41] Progress saved at index 700
[2026-06-29 11:54:00] Progress saved at index 710
[2026-06-29 11:54:19] Progress saved at index 720
[2026-06-29 11:54:39] Progress saved at index 730
[2026-06-29 11:55:00] Progress saved at index 740
[2026-06-29 11:55:19] Progress saved at index 750
[2026-06-29 11:55:36] Progress saved at index 760
[2026-06-29 11:55:54] Progress saved at index 770
[2026-06-29 11:56:12] Progress saved at index 780
[2026-06-29 11:56:30] Progress saved at index 790
[2026-06-29 11:56:49] Progress saved at index 800
[2026-06-29 11:57:09] Progress saved at index 810
[2026-06-29 11:57:28] Progress saved at index 820
[2026-06-29 11:57:46] Progress saved at index 830
[2026-06-29 11:58:04] Progress saved at index 840
[2026-06-29 11:58:21] Progress saved at index 850
[2026-06-29 11:58:39] Progress saved at index 860
[2026-06-29 11:58:57] Progress saved at index 870
[2026-06-29 12:10:52] Starting scrape process from Wikipedia...
[2026-06-29 12:10:53] Process complete. Scraped 1278 records.
[2026-06-29 12:10:53] Data saved to c:\Python\python_project\weki_food_company_scraper\data\food_companies.csv
[2026-06-29 12:10:53] ==================================================
[2026-06-29 12:10:53] Loading existing progress: c:\Python\python_project\weki_food_company_scraper\data\food_companies_with_sites.csv
[2026-06-29 12:10:53] Resuming: 490 rows still pending.
[2026-06-29 12:10:53] Starting crawl for 1278 companies...
[2026-06-29 12:11:16] Progress saved at index 40
[2026-06-29 12:12:07] Progress saved at index 100
[2026-06-29 12:12:23] Progress saved at index 120
[2026-06-29 12:12:36] Progress saved at index 140
[2026-06-29 12:12:53] Progress saved at index 160
[2026-06-29 12:13:16] Progress saved at index 180
[2026-06-29 12:13:41] Progress saved at index 220
